<?xml version="1.0" encoding="UTF-8"?>
<!-- Generated by org.testng.reporters.JUnitXMLReporter -->
<testsuite ignored="0" hostname="DESKTOP-NR8OG2B" failures="0" tests="4" name="Default test" time="9.815" errors="0" timestamp="2026-01-05T14:42:53 IST">
  <testcase classname="Tests.Testcases" name="postreq" time="4.477"/>
  <testcase classname="Tests.Testcases" name="postreq" time="1.305"/>
  <testcase classname="Tests.Testcases" name="getreq" time="1.599"/>
  <testcase classname="Tests.Testcases" name="getreq" time="1.289"/>
</testsuite> <!-- Default test -->
