<?xml version="1.0" encoding="UTF-8"?>
<!-- Generated by org.testng.reporters.JUnitReportReporter -->
<testsuite hostname="DESKTOP-NR8OG2B" failures="0" tests="4" name="Tests.Testcases" time="8.670" errors="0" timestamp="2026-01-05T14:42:53 IST" skipped="0">
  <testcase classname="Tests.Testcases" name="postreq" time="4.477"/>
  <testcase classname="Tests.Testcases" name="postreq" time="1.305"/>
  <testcase classname="Tests.Testcases" name="getreq" time="1.289"/>
  <testcase classname="Tests.Testcases" name="getreq" time="1.599"/>
</testsuite> <!-- Tests.Testcases -->
